#
# There is insufficient memory for the Java Runtime Environment to continue.
# Cannot create worker GC thread. Out of system resources.
# Possible reasons:
#   The system is out of physical RAM or swap space
#   This process is running with CompressedOops enabled, and the Java Heap may be blocking the growth of the native heap
# Possible solutions:
#   Reduce memory load on the system
#   Increase physical memory or swap space
#   Check if swap backing store is full
#   Decrease Java heap size (-Xmx/-Xms)
#   Decrease number of Java threads
#   Decrease Java thread stack sizes (-Xss)
#   Set larger code cache with -XX:ReservedCodeCacheSize=
#   JVM is running with Zero Based Compressed Oops mode in which the Java heap is
#     placed in the first 32GB address space. The Java Heap base address is the
#     maximum limit for the native heap growth. Please use -XX:HeapBaseMinAddress
#     to set the Java Heap base and to place the Java Heap above 32GB virtual address.
# This output file may be truncated or incomplete.
#
#  Out of Memory Error (workerManager.hpp:87), pid=1327354, tid=1327382
#
# JRE version:  (17.0.15+6) (build )
# Java VM: OpenJDK 64-Bit Server VM (17.0.15+6, mixed mode, sharing, tiered, compressed oops, compressed class ptrs, g1 gc, linux-amd64)
# Core dump will be written. Default location: Core dumps may be processed with "/opt/dynatrace/oneagent/agent/rdp -p %p -P %P -c %c -e %e -s %s -a %P %u %g %s %t %c %h" (or dumping to /data/vazquez/users/iv064/repos/openondemandapps/core.1327354)
#

---------------  S U M M A R Y ------------

Command Line: /PHShome/iv064/.nextflow/lsp/v26.04/v26.04.0.jar

Host: Intel(R) Xeon(R) Gold 5420+, 32 cores, 125G, Red Hat Enterprise Linux release 9.8 (Plow)
Time: Thu Jul 16 14:01:53 2026 EDT elapsed time: 0.105867 seconds (0d 0h 0m 0s)

---------------  T H R E A D  ---------------

Current thread (0x00007f4ad402dbe0):  JavaThread "Unknown thread" [_thread_in_vm, id=1327382, stack(0x00007f4ad95ad000,0x00007f4ad96ad000)]

Stack: [0x00007f4ad95ad000,0x00007f4ad96ad000],  sp=0x00007f4ad96ab350,  free space=1016k
Native frames: (J=compiled Java code, j=interpreted, Vv=VM code, C=native code)
V  [libjvm.so+0xee9791]  VMError::report_and_die(int, char const*, char const*, __va_list_tag*, Thread*, unsigned char*, void*, void*, char const*, int, unsigned long)+0x1a1
V  [libjvm.so+0xeea37d]  VMError::report_and_die(Thread*, char const*, int, unsigned long, VMErrorType, char const*, __va_list_tag*)+0x2d
V  [libjvm.so+0x60921c]  report_vm_out_of_memory(char const*, int, unsigned long, VMErrorType, char const*, ...)+0xdc
V  [libjvm.so+0xf1dbd4]  WorkerManager::add_workers(WorkGang*, unsigned int, unsigned int, unsigned int, os::ThreadType, bool)+0x154
V  [libjvm.so+0xf1ddba]  WorkGang::initialize_workers()+0x4a
V  [libjvm.so+0x702eae]  G1ConcurrentMark::G1ConcurrentMark(G1CollectedHeap*, G1RegionToSpaceMapper*, G1RegionToSpaceMapper*)+0x55e
V  [libjvm.so+0x6f174c]  G1CollectedHeap::initialize()+0x70c
V  [libjvm.so+0xe97b96]  universe_init()+0xd6
V  [libjvm.so+0x800c87]  init_globals()+0x37
V  [libjvm.so+0xe6df8f]  Threads::create_vm(JavaVMInitArgs*, bool*)+0x36f
V  [libjvm.so+0x8c00ef]  JNI_CreateJavaVM+0x4f
C  [liboneagentproc.so+0x13e9b]
C  [liboneagentproc.so+0x20d61]
C  [libjli.so+0x9c6f]  JavaMain+0x8f
C  [libjli.so+0xdf99]  ThreadJavaMain+0x9


---------------  P R O C E S S  ---------------

Threads class SMR info:
_java_thread_list=0x00007f4ada9f54e0, length=0, elements={
}

Java Threads: ( => current thread )

Other Threads:
  0x00007f4ad4019c50 GCTaskThread "GC Thread#0" [stack: 0x00007f4ab2b00000,0x00007f4ab2c00000] [id=1327388]

[error occurred during error reporting (printing all threads), id 0xb, SIGSEGV (0xb) at pc=0x00007f4ad9dab2d0]

VM state: not at safepoint (not fully initialized)

VM Mutex/Monitor currently owned by a thread:  ([mutex/lock_event])
[0x00007f4ad40118b0] Heap_lock - owner thread: 0x00007f4ad402dbe0

Heap address: 0x0000000700000000, size: 4096 MB, Compressed Oops mode: Zero based, Oop shift amount: 3

CDS archive(s) mapped at: [0x0000000000000000-0x0000000000000000-0x0000000000000000), size 0, SharedBaseAddress: 0x0000000800000000, ArchiveRelocationMode: 1.
Narrow klass base: 0x0000000000000000, Narrow klass shift: 0, Narrow klass range: 0x0

GC Precious Log:
<Empty>

Heap:
 garbage-first heap   total 0K, used 0K [0x0000000700000000, 0x0000000800000000)
  region size 2048K, 0 young (0K), 0 survivors (0K)

[error occurred during error reporting (printing heap information), id 0xb, SIGSEGV (0xb) at pc=0x00007f4ada37cdaa]

GC Heap History (0 events):
No events

Dll operation events (1 events):
Event: 0.099 Loaded shared library /apps/software/Java/17.0.15/lib/libjava.so

Deoptimization events (0 events):
No events

Classes loaded (0 events):
No events

Classes unloaded (0 events):
No events

Classes redefined (0 events):
No events

Internal exceptions (0 events):
No events

VM Operations (0 events):
No events

Memory protections (1 events):
Event: 0.098 Protecting memory [0x00007f4ad95ad000,0x00007f4ad95b1000] with protection modes 0

Nmethod flushes (0 events):
No events

Events (0 events):
No events


Dynamic libraries:
700000000-800000000 ---p 00000000 00:00 0 
559b7bad7000-559b7bad8000 r--p 00000000 00:34 12051075339312220044       /apps/software/Java/17.0.15/bin/java
559b7bad8000-559b7bad9000 r-xp 00001000 00:34 12051075339312220044       /apps/software/Java/17.0.15/bin/java
559b7bad9000-559b7bada000 r--p 00002000 00:34 12051075339312220044       /apps/software/Java/17.0.15/bin/java
559b7bada000-559b7badb000 r--p 00002000 00:34 12051075339312220044       /apps/software/Java/17.0.15/bin/java
559b7badb000-559b7badc000 rw-p 00003000 00:34 12051075339312220044       /apps/software/Java/17.0.15/bin/java
559b7c167000-559b7c1af000 rw-p 00000000 00:00 0                          [heap]
7f4aac000000-7f4aac021000 rw-p 00000000 00:00 0 
7f4aac021000-7f4ab0000000 ---p 00000000 00:00 0 
7f4ab2616000-7f4ab29fe000 rw-p 00000000 00:00 0 
7f4ab29fe000-7f4ab29ff000 ---p 00000000 00:00 0 
7f4ab29ff000-7f4ab2aff000 rw-p 00000000 00:00 0 
7f4ab2aff000-7f4ab2b00000 ---p 00000000 00:00 0 
7f4ab2b00000-7f4ab2c00000 rw-p 00000000 00:00 0 
7f4ab2c00000-7f4abc400000 ---p 00000000 00:00 0 
7f4abc4af000-7f4abd200000 rw-p 00000000 00:00 0 
7f4abd200000-7f4abd470000 rwxp 00000000 00:00 0 
7f4abd470000-7f4ac4617000 ---p 00000000 00:00 0 
7f4ac4617000-7f4ac4887000 rwxp 00000000 00:00 0 
7f4ac4887000-7f4ac4de8000 ---p 00000000 00:00 0 
7f4ac4de8000-7f4ac5058000 rwxp 00000000 00:00 0 
7f4ac5058000-7f4acc200000 ---p 00000000 00:00 0 
7f4acc2fd000-7f4acc3fe000 rw-p 00000000 00:00 0 
7f4acc3fe000-7f4ad4000000 r--s 00000000 00:34 14207848264965583224       /apps/software/Java/17.0.15/lib/modules
7f4ad4000000-7f4ad40c0000 rw-p 00000000 00:00 0 
7f4ad40c0000-7f4ad8000000 ---p 00000000 00:00 0 
7f4ad8024000-7f4ad8a33000 rw-p 00000000 00:00 0 
7f4ad8a33000-7f4ad8b17000 ---p 00000000 00:00 0 
7f4ad8b17000-7f4ad8b1c000 rw-p 00000000 00:00 0 
7f4ad8b1c000-7f4ad8c00000 ---p 00000000 00:00 0 
7f4ad8c00000-7f4ad94d4000 r--s 00000000 fd:00 34441770                   /var/lib/sss/mc/passwd
7f4ad9583000-7f4ad9591000 r--p 00000000 00:34 5187517759341740170        /apps/software/Java/17.0.15/lib/libjava.so
7f4ad9591000-7f4ad95a3000 r-xp 0000e000 00:34 5187517759341740170        /apps/software/Java/17.0.15/lib/libjava.so
7f4ad95a3000-7f4ad95a9000 r--p 00020000 00:34 5187517759341740170        /apps/software/Java/17.0.15/lib/libjava.so
7f4ad95a9000-7f4ad95aa000 ---p 00026000 00:34 5187517759341740170        /apps/software/Java/17.0.15/lib/libjava.so
7f4ad95aa000-7f4ad95ab000 r--p 00026000 00:34 5187517759341740170        /apps/software/Java/17.0.15/lib/libjava.so
7f4ad95ab000-7f4ad95ac000 rw-p 00027000 00:34 5187517759341740170        /apps/software/Java/17.0.15/lib/libjava.so
7f4ad95ac000-7f4ad95ad000 rw-p 00000000 00:00 0 
7f4ad95ad000-7f4ad95b1000 ---p 00000000 00:00 0 
7f4ad95b1000-7f4ad96ad000 rw-p 00000000 00:00 0 
7f4ad96ad000-7f4ad9900000 r--p 00000000 00:34 11437794296302051164       /apps/software/Java/17.0.15/lib/server/libjvm.so
7f4ad9900000-7f4ada629000 r-xp 00253000 00:34 11437794296302051164       /apps/software/Java/17.0.15/lib/server/libjvm.so
7f4ada629000-7f4ada8b6000 r--p 00f7c000 00:34 11437794296302051164       /apps/software/Java/17.0.15/lib/server/libjvm.so
7f4ada8b6000-7f4ada8b7000 ---p 01209000 00:34 11437794296302051164       /apps/software/Java/17.0.15/lib/server/libjvm.so
7f4ada8b7000-7f4ada970000 r--p 01209000 00:34 11437794296302051164       /apps/software/Java/17.0.15/lib/server/libjvm.so
7f4ada970000-7f4ada9a5000 rw-p 012c2000 00:34 11437794296302051164       /apps/software/Java/17.0.15/lib/server/libjvm.so
7f4ada9a5000-7f4adaa00000 rw-p 00000000 00:00 0 
7f4adaa00000-7f4adaa29000 r--p 00000000 fd:00 100663621                  /usr/lib64/libc.so.6
7f4adaa29000-7f4adab9e000 r-xp 00029000 fd:00 100663621                  /usr/lib64/libc.so.6
7f4adab9e000-7f4adabf7000 r--p 0019e000 fd:00 100663621                  /usr/lib64/libc.so.6
7f4adabf7000-7f4adabfb000 r--p 001f6000 fd:00 100663621                  /usr/lib64/libc.so.6
7f4adabfb000-7f4adabfd000 rw-p 001fa000 fd:00 100663621                  /usr/lib64/libc.so.6
7f4adabfd000-7f4adac0a000 rw-p 00000000 00:00 0 
7f4adac21000-7f4adac2e000 r--p 00000000 fd:00 100663624                  /usr/lib64/libm.so.6
7f4adac2e000-7f4adaca0000 r-xp 0000d000 fd:00 100663624                  /usr/lib64/libm.so.6
7f4adaca0000-7f4adacfc000 r--p 0007f000 fd:00 100663624                  /usr/lib64/libm.so.6
7f4adacfc000-7f4adacfd000 r--p 000da000 fd:00 100663624                  /usr/lib64/libm.so.6
7f4adacfd000-7f4adacfe000 rw-p 000db000 fd:00 100663624                  /usr/lib64/libm.so.6
7f4adacfe000-7f4adacff000 r--p 00000000 00:00 0 
7f4adacff000-7f4adae00000 rw-p 00000000 00:00 0 
7f4adae00000-7f4adae09000 r--p 00000000 fd:00 101072306                  /usr/lib64/liboneagentproc.so
7f4adae09000-7f4adaeaf000 r-xp 00009000 fd:00 101072306                  /usr/lib64/liboneagentproc.so
7f4adaeaf000-7f4adaee4000 r--p 000af000 fd:00 101072306                  /usr/lib64/liboneagentproc.so
7f4adaee4000-7f4adaee9000 r--p 000e3000 fd:00 101072306                  /usr/lib64/liboneagentproc.so
7f4adaee9000-7f4adaeea000 rw-p 000e8000 fd:00 101072306                  /usr/lib64/liboneagentproc.so
7f4adaeea000-7f4adb024000 rw-p 00000000 00:00 0 
7f4adb035000-7f4adb03a000 rw-p 00000000 00:00 0 
7f4adb03a000-7f4adb045000 ---p 00000000 00:00 0 
7f4adb045000-7f4adb04d000 rw-s 00000000 fd:00 68057885                   /tmp/hsperfdata_iv064/1327354 (deleted)
7f4adb04d000-7f4adb04f000 r--p 00000000 fd:00 104207483                  /usr/lib64/libnss_sss.so.2
7f4adb04f000-7f4adb057000 r-xp 00002000 fd:00 104207483                  /usr/lib64/libnss_sss.so.2
7f4adb057000-7f4adb059000 r--p 0000a000 fd:00 104207483                  /usr/lib64/libnss_sss.so.2
7f4adb059000-7f4adb05a000 r--p 0000b000 fd:00 104207483                  /usr/lib64/libnss_sss.so.2
7f4adb05a000-7f4adb05b000 rw-p 0000c000 fd:00 104207483                  /usr/lib64/libnss_sss.so.2
7f4adb061000-7f4adb065000 r--p 00000000 00:34 18360893880415430002       /apps/software/Java/17.0.15/lib/libjimage.so
7f4adb065000-7f4adb078000 r-xp 00004000 00:34 18360893880415430002       /apps/software/Java/17.0.15/lib/libjimage.so
7f4adb078000-7f4adb07e000 r--p 00017000 00:34 18360893880415430002       /apps/software/Java/17.0.15/lib/libjimage.so
7f4adb07e000-7f4adb080000 r--p 0001c000 00:34 18360893880415430002       /apps/software/Java/17.0.15/lib/libjimage.so
7f4adb080000-7f4adb081000 rw-p 0001e000 00:34 18360893880415430002       /apps/software/Java/17.0.15/lib/libjimage.so
7f4adb081000-7f4adb082000 r--p 00000000 fd:00 100663633                  /usr/lib64/librt.so.1
7f4adb082000-7f4adb083000 r-xp 00001000 fd:00 100663633                  /usr/lib64/librt.so.1
7f4adb083000-7f4adb084000 r--p 00002000 fd:00 100663633                  /usr/lib64/librt.so.1
7f4adb084000-7f4adb085000 r--p 00002000 fd:00 100663633                  /usr/lib64/librt.so.1
7f4adb085000-7f4adb086000 rw-p 00003000 fd:00 100663633                  /usr/lib64/librt.so.1
7f4adb086000-7f4adb089000 rw-p 00000000 00:00 0 
7f4adb089000-7f4adb08a000 r--p 00000000 fd:00 100663623                  /usr/lib64/libdl.so.2
7f4adb08a000-7f4adb08b000 r-xp 00001000 fd:00 100663623                  /usr/lib64/libdl.so.2
7f4adb08b000-7f4adb08c000 r--p 00002000 fd:00 100663623                  /usr/lib64/libdl.so.2
7f4adb08c000-7f4adb08d000 r--p 00002000 fd:00 100663623                  /usr/lib64/libdl.so.2
7f4adb08d000-7f4adb08e000 rw-p 00003000 fd:00 100663623                  /usr/lib64/libdl.so.2
7f4adb08e000-7f4adb08f000 r--p 00000000 fd:00 100663631                  /usr/lib64/libpthread.so.0
7f4adb08f000-7f4adb090000 r-xp 00001000 fd:00 100663631                  /usr/lib64/libpthread.so.0
7f4adb090000-7f4adb091000 r--p 00002000 fd:00 100663631                  /usr/lib64/libpthread.so.0
7f4adb091000-7f4adb092000 r--p 00002000 fd:00 100663631                  /usr/lib64/libpthread.so.0
7f4adb092000-7f4adb093000 rw-p 00003000 fd:00 100663631                  /usr/lib64/libpthread.so.0
7f4adb093000-7f4adb095000 rw-p 00000000 00:00 0 
7f4adb097000-7f4adb098000 ---p 00000000 00:00 0 
7f4adb098000-7f4adb099000 r--p 00000000 00:00 0 
7f4adb099000-7f4adb09a000 ---p 00000000 00:00 0 
7f4adb09a000-7f4adb09b000 rwxp 00000000 00:00 0 
7f4adb09b000-7f4adb09e000 r--p 00000000 00:34 3042511224752324580        /apps/software/Java/17.0.15/lib/libjli.so
7f4adb09e000-7f4adb0ae000 r-xp 00003000 00:34 3042511224752324580        /apps/software/Java/17.0.15/lib/libjli.so
7f4adb0ae000-7f4adb0b5000 r--p 00013000 00:34 3042511224752324580        /apps/software/Java/17.0.15/lib/libjli.so
7f4adb0b5000-7f4adb0b6000 r--p 00019000 00:34 3042511224752324580        /apps/software/Java/17.0.15/lib/libjli.so
7f4adb0b6000-7f4adb0b7000 rw-p 0001a000 00:34 3042511224752324580        /apps/software/Java/17.0.15/lib/libjli.so
7f4adb0b7000-7f4adb0b9000 rw-p 00000000 00:00 0 
7f4adb0b9000-7f4adb0bb000 r--p 00000000 fd:00 100663440                  /usr/lib64/ld-linux-x86-64.so.2
7f4adb0bb000-7f4adb0e4000 r-xp 00002000 fd:00 100663440                  /usr/lib64/ld-linux-x86-64.so.2
7f4adb0e4000-7f4adb0f0000 r--p 0002b000 fd:00 100663440                  /usr/lib64/ld-linux-x86-64.so.2
7f4adb0f0000-7f4adb0f2000 r--p 00037000 fd:00 100663440                  /usr/lib64/ld-linux-x86-64.so.2
7f4adb0f2000-7f4adb0f4000 rw-p 00039000 fd:00 100663440                  /usr/lib64/ld-linux-x86-64.so.2
7ffe2371f000-7ffe23746000 rw-p 00000000 00:00 0                          [stack]
7ffe237b5000-7ffe237b9000 r--p 00000000 00:00 0                          [vvar]
7ffe237b9000-7ffe237bb000 r-xp 00000000 00:00 0                          [vdso]
ffffffffff600000-ffffffffff601000 --xp 00000000 00:00 0                  [vsyscall]


VM Arguments:
java_command: /PHShome/iv064/.nextflow/lsp/v26.04/v26.04.0.jar
java_class_path (initial): /PHShome/iv064/.nextflow/lsp/v26.04/v26.04.0.jar
Launcher Type: SUN_STANDARD

[Global flags]
     intx CICompilerCount                          = 15                                        {product} {ergonomic}
     uint ConcGCThreads                            = 6                                         {product} {ergonomic}
     uint G1ConcRefinementThreads                  = 23                                        {product} {ergonomic}
   size_t G1HeapRegionSize                         = 2097152                                   {product} {ergonomic}
    uintx GCDrainStackTargetSize                   = 64                                        {product} {ergonomic}
   size_t InitialHeapSize                          = 2105540608                                {product} {ergonomic}
   size_t MarkStackSize                            = 4194304                                   {product} {ergonomic}
   size_t MaxHeapSize                              = 4294967296                                {product} {ergonomic}
   size_t MinHeapDeltaBytes                        = 2097152                                   {product} {ergonomic}
   size_t MinHeapSize                              = 8388608                                   {product} {ergonomic}
    uintx NonNMethodCodeHeapSize                   = 8192380                                {pd product} {ergonomic}
    uintx NonProfiledCodeHeapSize                  = 121732930                              {pd product} {ergonomic}
    uintx ProfiledCodeHeapSize                     = 121732930                              {pd product} {ergonomic}
    uintx ReservedCodeCacheSize                    = 251658240                              {pd product} {ergonomic}
     bool SegmentedCodeCache                       = true                                      {product} {ergonomic}
   size_t SoftMaxHeapSize                          = 4294967296                             {manageable} {ergonomic}
     bool UseCompressedClassPointers               = true                           {product lp64_product} {ergonomic}
     bool UseCompressedOops                        = true                           {product lp64_product} {ergonomic}
     bool UseG1GC                                  = true                                      {product} {ergonomic}

Logging:
Log output configuration:
 #0: stdout all=warning uptime,level,tags
 #1: stderr all=off uptime,level,tags

Environment Variables:
PATH=/PHShome_actual/i/iv064/.vscode-server/cli/servers/Stable-125df4672b8a6a34975303c6b0baa124e560a4f7/server/bin/remote-cli:/data/vazquez/users/iv064/software/bin:/PHShome/iv064/.local/bin:/apps/software/tmux/3.5a-GCCcore-13.3.0/bin:/apps/software/libevent/2.1.12-GCCcore-13.3.0/bin:/apps/software/git/2.51.1-GCCcore-13.3.0/bin:/apps/software/Perl/5.38.2-GCCcore-13.3.0/bin:/apps/software/gettext/0.22.5-GCCcore-13.3.0/bin:/apps/software/libiconv/1.17-GCCcore-13.3.0/bin:/apps/software/ncurses/6.5-GCCcore-13.3.0/bin:/apps/software/libxml2/2.12.7-GCCcore-13.3.0/bin:/apps/software/XZ/5.4.5-GCCcore-13.3.0/bin:/apps/software/expat/2.6.2-GCCcore-13.3.0/bin:/apps/software/cURL/8.7.1-GCCcore-13.3.0/bin:/apps/software/OpenSSL/3/bin:/apps/software/GCCcore/13.3.0/bin:/data/vazquez/users/iv064/software/miniforge3/envs/isabl/bin:/data/vazquez/users/iv064/software/miniforge3/condabin:/usr/local/bin:/usr/bin:/usr/local/sbin:/usr/sbin:/data/vazquez/users/iv064/software/vscode_cli:/data/vazquez/users/iv064/software/quarto/bin:/PHShome/iv064/bin
LD_LIBRARY_PATH=/apps/software/libevent/2.1.12-GCCcore-13.3.0/lib:/apps/software/gettext/0.22.5-GCCcore-13.3.0/lib:/apps/software/libiconv/1.17-GCCcore-13.3.0/lib:/apps/software/ncurses/6.5-GCCcore-13.3.0/lib:/apps/software/libxml2/2.12.7-GCCcore-13.3.0/lib:/apps/software/XZ/5.4.5-GCCcore-13.3.0/lib:/apps/software/expat/2.6.2-GCCcore-13.3.0/lib:/apps/software/cURL/8.7.1-GCCcore-13.3.0/lib:/apps/software/OpenSSL/3/lib64:/apps/software/zlib/1.3.1-GCCcore-13.3.0/lib:/apps/software/GCCcore/13.3.0/lib64
SHELL=/bin/bash
DISPLAY=localhost:22.0
LANG=en_US.UTF-8
TERM=xterm-256color

Active Locale:
LC_ALL=C
LC_COLLATE=C
LC_CTYPE=C
LC_MESSAGES=C
LC_MONETARY=C
LC_NUMERIC=C
LC_TIME=C

Signal Handlers:
   SIGSEGV: crash_handler in libjvm.so, mask=11100100010111111101111111111110, flags=SA_RESTART|SA_SIGINFO, unblocked
    SIGBUS: crash_handler in libjvm.so, mask=11100100010111111101111111111110, flags=SA_RESTART|SA_SIGINFO, unblocked
    SIGFPE: crash_handler in libjvm.so, mask=11100100010111111101111111111110, flags=SA_RESTART|SA_SIGINFO, unblocked
   SIGPIPE: javaSignalHandler in libjvm.so, mask=11100100010111111101111111111110, flags=SA_RESTART|SA_SIGINFO, blocked
   SIGXFSZ: javaSignalHandler in libjvm.so, mask=11100100010111111101111111111110, flags=SA_RESTART|SA_SIGINFO, blocked
    SIGILL: crash_handler in libjvm.so, mask=11100100010111111101111111111110, flags=SA_RESTART|SA_SIGINFO, unblocked
   SIGUSR2: SR_handler in libjvm.so, mask=00000000000000000000000000000000, flags=SA_RESTART|SA_SIGINFO, blocked
    SIGHUP: SIG_DFL, mask=00000000000000000000000000000000, flags=none, blocked
    SIGINT: SIG_DFL, mask=00000000000000000000000000000000, flags=none, blocked
   SIGTERM: SIG_DFL, mask=00000000000000000000000000000000, flags=none, blocked
   SIGQUIT: UserHandler in libjvm.so, mask=11100100010111111101111111111110, flags=SA_RESTART|SA_SIGINFO, blocked
   SIGTRAP: crash_handler in libjvm.so, mask=11100100010111111101111111111110, flags=SA_RESTART|SA_SIGINFO, unblocked


Periodic native trim disabled


---------------  S Y S T E M  ---------------

OS:
Red Hat Enterprise Linux release 9.8 (Plow)
uname: Linux 5.14.0-687.10.1.el9_8.x86_64 #1 SMP PREEMPT_DYNAMIC Mon May 18 15:13:25 EDT 2026 x86_64
OS uptime: 21 days 19:07 hours
libc: glibc 2.34 NPTL 2.34 
rlimit (soft/hard): STACK 8192k/infinity , CORE infinity/infinity , NPROC 512/512 , NOFILE 524288/524288 , AS 8388608k/8388608k , CPU infinity/infinity , DATA 8388608k/8388608k , FSIZE infinity/infinity , MEMLOCK 8192k/8192k
load average: 15.12 7.33 4.60

/proc/meminfo:
MemTotal:       131470336 kB
MemFree:         3374220 kB
MemAvailable:   110713548 kB
Buffers:              12 kB
Cached:         74300344 kB
SwapCached:        22452 kB
Active:         10047176 kB
Inactive:       77884656 kB
Active(anon):    7388524 kB
Inactive(anon):  6450880 kB
Active(file):    2658652 kB
Inactive(file): 71433776 kB
Unevictable:           0 kB
Mlocked:               0 kB
SwapTotal:       2097148 kB
SwapFree:            204 kB
Zswap:                 0 kB
Zswapped:              0 kB
Dirty:             77396 kB
Writeback:             0 kB
AnonPages:      13484556 kB
Mapped:          1496696 kB
Shmem:            208756 kB
KReclaimable:   34836152 kB
Slab:           37136108 kB
SReclaimable:   34836152 kB
SUnreclaim:      2299956 kB
KernelStack:       46960 kB
PageTables:       219384 kB
SecPageTables:         0 kB
NFS_Unstable:          0 kB
Bounce:                0 kB
WritebackTmp:          0 kB
CommitLimit:    67832316 kB
Committed_AS:   58472476 kB
VmallocTotal:   34359738367 kB
VmallocUsed:      914076 kB
VmallocChunk:          0 kB
Percpu:           125184 kB
HardwareCorrupted:     0 kB
AnonHugePages:    786432 kB
ShmemHugePages:        0 kB
ShmemPmdMapped:        0 kB
FileHugePages:         0 kB
FilePmdMapped:         0 kB
CmaTotal:              0 kB
CmaFree:               0 kB
Unaccepted:            0 kB
HugePages_Total:       0
HugePages_Free:        0
HugePages_Rsvd:        0
HugePages_Surp:        0
Hugepagesize:       2048 kB
Hugetlb:               0 kB
DirectMap4k:      865708 kB
DirectMap2M:    79874048 kB
DirectMap1G:    55574528 kB

/sys/kernel/mm/transparent_hugepage/enabled: [always] madvise never
/sys/kernel/mm/transparent_hugepage/hpage_pmd_size: 2097152
/sys/kernel/mm/transparent_hugepage/defrag (defrag/compaction efforts parameter): always defer defer+madvise [madvise] never

Process Memory:
Virtual Size: 4924068K (peak: 4984576K)
Resident Set Size: 14636K (peak: 14636K) (anon: 6540K, file: 8096K, shmem: 0K)
Swapped out: 0K
C-Heap outstanding allocations: 28570K, retained: 281K
glibc malloc tunables: (default)

/proc/sys/kernel/threads-max (system-wide limit on the number of threads): 1026713
/proc/sys/vm/max_map_count (maximum number of memory map areas a process may have): 65530
/proc/sys/vm/swappiness (control to define how aggressively the kernel swaps out anonymous memory): 60
/proc/sys/kernel/pid_max (system-wide limit on number of process identifiers): 4194304

/etc/ld.so.preload:
/lib64/liboneagentproc.so
container (cgroup) information:
container_type: cgroupv2
cpu_cpuset_cpus: not supported
cpu_memory_nodes: not supported
active_processor_count: 32
cpu_quota: not supported
cpu_period: not supported
cpu_shares: not supported
memory_limit_in_bytes: unlimited
memory_and_swap_limit_in_bytes: unlimited
memory_soft_limit_in_bytes: unlimited
memory_usage_in_bytes: 7390192 k
memory_max_usage_in_bytes: not supported
memory_swap_current_in_bytes: unlimited
memory_swap_max_limit_in_bytes: unlimited
maximum number of tasks: unlimited
current number of tasks: 471

VMWare virtualization detected
Steal ticks since vm start: 0
Steal ticks percentage since vm start:  0.000

CPU: total 32 (initial active 32) (1 cores per cpu, 1 threads per core) family 6 model 143 stepping 8 microcode 0x2b000622, cx8, cmov, fxsr, mmx, 3dnowpref, sse, sse2, sse3, ssse3, sse4.1, sse4.2, popcnt, lzcnt, tsc, tscinvbit, avx, avx2, aes, erms, clmul, bmi1, bmi2, adx, avx512f, avx512dq, avx512cd, avx512bw, avx512vl, sha, fma, vzeroupper, avx512_vpopcntdq, avx512_vpclmulqdq, avx512_vaes, avx512_vnni, clflush, clflushopt, clwb, avx512_vbmi2, avx512_vbmi, hv
CPU Model and flags from /proc/cpuinfo:
model name	: Intel(R) Xeon(R) Gold 5420+
flags		: fpu vme de pse tsc msr pae mce cx8 apic sep mtrr pge mca cmov pat pse36 clflush mmx fxsr sse sse2 ss syscall nx pdpe1gb rdtscp lm constant_tsc arch_perfmon rep_good nopl xtopology tsc_reliable nonstop_tsc cpuid tsc_known_freq pni pclmulqdq ssse3 fma cx16 pcid sse4_1 sse4_2 x2apic movbe popcnt tsc_deadline_timer aes xsave avx f16c rdrand hypervisor lahf_lm abm 3dnowprefetch ssbd ibrs ibpb stibp ibrs_enhanced fsgsbase tsc_adjust bmi1 avx2 smep bmi2 erms invpcid avx512f avx512dq rdseed adx smap avx512ifma clflushopt clwb avx512cd sha_ni avx512bw avx512vl xsaveopt xsavec xgetbv1 xsaves user_shstk avx_vnni avx512_bf16 wbnoinvd arat avx512vbmi umip pku ospke avx512_vbmi2 gfni vaes vpclmulqdq avx512_vnni avx512_bitalg avx512_vpopcntdq rdpid cldemote movdiri movdir64b fsrm md_clear serialize amx_bf16 avx512_fp16 amx_tile amx_int8 flush_l1d arch_capabilities

Online cpus: 0-31
Offline cpus: 
BIOS frequency limitation: <Not Available>
Frequency switch latency (ns): <Not Available>
Available cpu frequencies: <Not Available>
Current governor: <Not Available>
Core performance/turbo boost: <Not Available>

Memory: 4k page, physical 131470336k(3370244k free), swap 2097148k(204k free)
Page Sizes: 4k

vm_info: OpenJDK 64-Bit Server VM (17.0.15+6) for linux-amd64 JRE (17.0.15+6), built on Apr 15 2025 00:00:00 by "admin" with gcc 10.3.0

END.
